f:\vsprj\game\game\debug\vc141.pdb
f:\vsprj\game\game\debug\vc141.idb
f:\vsprj\game\game\debug\client.obj
f:\vsprj\game\game\debug\gameinfo.obj
f:\vsprj\game\game\debug\main.obj
f:\vsprj\game\game\debug\mainlogic.obj
f:\vsprj\game\game\debug\server.obj
f:\vsprj\game\game\debug\client.nativecodeanalysis.xml
f:\vsprj\game\game\debug\gameinfo.nativecodeanalysis.xml
f:\vsprj\game\game\debug\main.nativecodeanalysis.xml
f:\vsprj\game\game\debug\mainlogic.nativecodeanalysis.xml
f:\vsprj\game\game\debug\server.nativecodeanalysis.xml
f:\vsprj\game\debug\game.ilk
f:\vsprj\game\debug\game.exe
f:\vsprj\game\debug\game.pdb
f:\vsprj\game\game\debug\nativecodeanalysis.read.1.tlog
f:\vsprj\game\game\debug\vc.nativecodeanalysis.all.xml
f:\vsprj\game\debug\game.exe.lastcodeanalysissucceeded
f:\vsprj\game\game\debug\game.tlog\cl.command.1.tlog
f:\vsprj\game\game\debug\game.tlog\cl.read.1.tlog
f:\vsprj\game\game\debug\game.tlog\cl.write.1.tlog
f:\vsprj\game\game\debug\game.tlog\link.command.1.tlog
f:\vsprj\game\game\debug\game.tlog\link.read.1.tlog
f:\vsprj\game\game\debug\game.tlog\link.write.1.tlog
